\BOOKMARK [1][-]{section.1}{\376\377\000I\000n\000t\000r\000o\000d\000u\000c\000t\000i\000o\000n}{}% 1
\BOOKMARK [1][-]{section.2}{\376\377\000P\000r\000e\000d\000i\000c\000t\000i\000o\000n}{}% 2
\BOOKMARK [2][-]{subsection.2.1}{\376\377\000I\000n\000t\000r\000o\000d\000u\000c\000t\000i\000o\000n}{section.2}% 3
\BOOKMARK [3][-]{subsubsection.2.1.1}{\376\377\000B\000i\000g\000\040\000D\000a\000t\000a}{subsection.2.1}% 4
\BOOKMARK [2][-]{subsection.2.2}{\376\377\000W\000h\000a\000t\000\040\000i\000s\000\040\000S\000t\000a\000t\000i\000s\000t\000i\000c\000a\000l\000\040\000l\000e\000a\000r\000n\000i\000n\000g}{section.2}% 5
\BOOKMARK [2][-]{subsection.2.3}{\376\377\000P\000r\000e\000d\000i\000c\000t\000i\000o\000n}{section.2}% 6
\BOOKMARK [2][-]{subsection.2.4}{\376\377\000P\000r\000e\000d\000i\000c\000t\000i\000o\000n\000\040\000V\000e\000r\000s\000u\000s\000\040\000I\000n\000f\000e\000r\000e\000n\000c\000e}{section.2}% 7
\BOOKMARK [2][-]{subsection.2.5}{\376\377\000U\000n\000d\000e\000r\000l\000y\000i\000n\000g\000\040\000D\000G\000P}{section.2}% 8
\BOOKMARK [2][-]{subsection.2.6}{\376\377\000M\000o\000d\000e\000l\000l\000i\000n\000g\000\040\000t\000h\000e\000\040\000P\000r\000o\000c\000e\000s\000s}{section.2}% 9
\BOOKMARK [2][-]{subsection.2.7}{\376\377\000T\000h\000e\000\040\000p\000r\000e\000d\000i\000c\000t\000i\000o\000n\000\040\000E\000r\000r\000o\000r}{section.2}% 10
\BOOKMARK [2][-]{subsection.2.8}{\376\377\000L\000o\000s\000s\000\040\000F\000u\000n\000c\000t\000i\000o\000n}{section.2}% 11
\BOOKMARK [2][-]{subsection.2.9}{\376\377\000H\000e\000t\000e\000r\000o\000g\000e\000n\000e\000o\000u\000s\000\040\000R\000e\000s\000p\000o\000n\000s\000e}{section.2}% 12
\BOOKMARK [2][-]{subsection.2.10}{\376\377\000E\000x\000p\000e\000c\000t\000e\000d\000\040\000L\000o\000s\000s}{section.2}% 13
\BOOKMARK [2][-]{subsection.2.11}{\376\377\000O\000p\000t\000i\000m\000a\000l\000\040\000P\000r\000e\000d\000i\000c\000t\000i\000o\000n\000\040\000F\000u\000n\000c\000t\000i\000o\000n}{section.2}% 14
\BOOKMARK [2][-]{subsection.2.12}{\376\377\000O\000P\000F\000\040\000f\000o\000r\000\040\000L\0002\000\040\000L\000o\000s\000s}{section.2}% 15
\BOOKMARK [2][-]{subsection.2.13}{\376\377\000O\000P\000F\000\040\000f\000o\000r\000\040\000L\0001\000\040\000L\000o\000s\000s}{section.2}% 16
\BOOKMARK [2][-]{subsection.2.14}{\376\377\000C\000l\000a\000s\000s\000i\000f\000i\000c\000a\000t\000i\000o\000n}{section.2}% 17
\BOOKMARK [2][-]{subsection.2.15}{\376\377\000A\000\040\000l\000o\000s\000s\000\040\000f\000u\000n\000c\000t\000i\000o\000n\000\040\000f\000o\000r\000\040\000C\000l\000a\000s\000s\000i\000f\000i\000c\000a\000t\000i\000o\000n}{section.2}% 18
\BOOKMARK [2][-]{subsection.2.16}{\376\377\000O\000p\000t\000i\000m\000a\000l\000\040\000P\000r\000e\000d\000i\000c\000t\000i\000o\000n\000\040\000F\000u\000n\000c\000t\000i\000o\000n\000\040\000f\000o\000r\000\040\0000\000-\0001\000\040\000L\000o\000s\000s}{section.2}% 19
\BOOKMARK [2][-]{subsection.2.17}{\376\377\000T\000h\000e\000\040\000B\000a\000y\000e\000s\000\040\000C\000l\000a\000s\000s\000i\000f\000i\000e\000r}{section.2}% 20
\BOOKMARK [2][-]{subsection.2.18}{\376\377\000T\000h\000e\000\040\000B\000a\000y\000e\000s\000\040\000C\000l\000a\000s\000s\000i\000f\000i\000c\000a\000t\000i\000o\000n}{section.2}% 21
\BOOKMARK [2][-]{subsection.2.19}{\376\377\000A\000s\000y\000m\000m\000e\000t\000r\000i\000c\000\040\000L\000o\000s\000s\000\040\000i\000n\000\040\000B\000a\000y\000e\000s\000\040\000C\000l\000a\000s\000s\000i\000f\000i\000c\000a\000t\000i\000o\000n}{section.2}% 22
\BOOKMARK [2][-]{subsection.2.20}{\376\377\000O\000p\000t\000i\000m\000a\000l\000\040\000P\000r\000e\000d\000i\000c\000t\000i\000o\000n\000\040\000U\000n\000d\000e\000r\000\040\000A\000s\000y\000m\000m\000e\000t\000r\000i\000c\000\040\000L\000o\000s\000s}{section.2}% 23
\BOOKMARK [1][-]{section.3}{\376\377\000E\000s\000t\000i\000m\000a\000t\000i\000o\000n\000\040\000t\000h\000e\000\040\000P\000r\000e\000d\000i\000c\000t\000i\000o\000n\000\040\000F\000u\000n\000c\000t\000i\000o\000n}{}% 24
\BOOKMARK [2][-]{subsection.3.1}{\376\377\000T\000h\000e\000\040\000o\000p\000t\000i\000m\000a\000l\000\040\000P\000r\000e\000d\000i\000c\000t\000i\000o\000n\000\040\000F\000u\000n\000c\000t\000i\000o\000n\000s\000:\000\040\000P\000r\000o\000b\000l\000e\000m}{section.3}% 25
\BOOKMARK [2][-]{subsection.3.2}{\376\377\000T\000r\000a\000i\000n\000i\000n\000g\000\040\000D\000a\000t\000a}{section.3}% 26
\BOOKMARK [2][-]{subsection.3.3}{\376\377\000A\000\040\000N\000o\000t\000e\000\040\000o\000n\000\040\000D\000i\000s\000t\000r\000i\000b\000u\000t\000i\000o\000n\000a\000l\000\040\000A\000s\000s\000u\000m\000p\000t\000i\000o\000n\000s}{section.3}% 27
\BOOKMARK [2][-]{subsection.3.4}{\376\377\000E\000s\000t\000i\000m\000a\000t\000i\000o\000n\000\040\000t\000h\000e\000\040\000P\000r\000e\000d\000i\000c\000t\000i\000o\000n\000\040\000F\000u\000n\000c\000t\000i\000o\000n}{section.3}% 28
\BOOKMARK [2][-]{subsection.3.5}{\376\377\000T\000h\000e\000\040\000Q\000u\000a\000l\000i\000t\000y\000\040\000o\000f\000\040\000t\000h\000e\000\040\000E\000s\000t\000i\000m\000a\000t\000e\000d\000\040\000P\000r\000e\000d\000i\000c\000t\000i\000o\000n\000\040\000F\000u\000n\000c\000t\000i\000o\000n}{section.3}% 29
\BOOKMARK [1][-]{section.4}{\376\377\000M\000o\000d\000e\000l\000\040\000A\000s\000s\000e\000s\000s\000m\000e\000n\000t}{}% 30
\BOOKMARK [2][-]{subsection.4.1}{\376\377\000T\000h\000e\000\040\000T\000e\000s\000t\000\040\000l\000o\000s\000s}{section.4}% 31
\BOOKMARK [2][-]{subsection.4.2}{\376\377\000T\000h\000e\000\040\000E\000x\000p\000e\000c\000t\000e\000d\000\040\000T\000e\000s\000t\000\040\000L\000o\000s\000s}{section.4}% 32
\BOOKMARK [2][-]{subsection.4.3}{\376\377\000T\000e\000s\000t\000\040\000L\000o\000s\000s\000\040\000a\000n\000d\000\040\000E\000x\000p\000e\000c\000t\000e\000d\000\040\000T\000e\000s\000t\000\040\000L\000o\000s\000s}{section.4}% 33
\BOOKMARK [1][-]{section.5}{\376\377\000T\000h\000e\000\040\000B\000i\000a\000s\000-\000V\000a\000r\000i\000a\000n\000c\000e\000\040\000T\000r\000a\000d\000e\000o\000f\000f}{}% 34
\BOOKMARK [2][-]{subsection.5.1}{\376\377\000R\000e\000g\000r\000e\000s\000s\000i\000o\000n\000\040\000M\000o\000d\000e\000l\000s}{section.5}% 35
\BOOKMARK [3][-]{subsubsection.5.1.1}{\376\377\000R\000e\000g\000r\000e\000s\000s\000i\000o\000n\000\040\000M\000o\000d\000e\000l\000s\000\040\000i\000n\000\040\000E\000c\000o\000n\000o\000m\000i\000c\000s}{subsection.5.1}% 36
\BOOKMARK [2][-]{subsection.5.2}{\376\377\000R\000e\000g\000r\000e\000s\000s\000i\000o\000n\000\040\000M\000o\000d\000e\000l\000s\000\040\000i\000n\000\040\000E\000c\000o\000n\000o\000m\000i\000c\000s}{section.5}% 37
\BOOKMARK [2][-]{subsection.5.3}{\376\377\000T\000e\000s\000t\000\040\000M\000e\000a\000n\000\040\000S\000q\000u\000a\000r\000e\000d\000\040\000E\000r\000r\000o\000r}{section.5}% 38
\BOOKMARK [2][-]{subsection.5.4}{\376\377\000T\000e\000s\000t\000\040\000M\000e\000a\000n\000\040\000S\000q\000u\000a\000r\000e\000d\000\040\000E\000r\000r\000o\000r}{section.5}% 39
\BOOKMARK [2][-]{subsection.5.5}{\376\377\000E\000x\000p\000e\000c\000t\000e\000d\000\040\000T\000e\000s\000t\000\040\000M\000e\000a\000n\000\040\000S\000q\000u\000a\000r\000e\000d\000\040\000E\000r\000r\000o\000r}{section.5}% 40
\BOOKMARK [2][-]{subsection.5.6}{\376\377\000T\000h\000e\000\040\000B\000i\000a\000s\000\040\000a\000n\000d\000\040\000V\000a\000r\000i\000a\000n\000c\000e\000\040\000o\000f\000\040\000a\000n\000\040\000E\000s\000t\000i\000m\000a\000t\000o\000r}{section.5}% 41
\BOOKMARK [2][-]{subsection.5.7}{\376\377\000T\000h\000e\000\040\000B\000i\000a\000s\000-\000V\000a\000r\000i\000a\000n\000c\000e\000\040\000T\000r\000a\000d\000e\000o\000f\000f}{section.5}% 42
\BOOKMARK [2][-]{subsection.5.8}{\376\377\000T\000h\000e\000\040\000B\000i\000a\000s}{section.5}% 43
\BOOKMARK [2][-]{subsection.5.9}{\376\377\000T\000h\000e\000\040\000V\000a\000r\000i\000a\000n\000c\000e}{section.5}% 44
\BOOKMARK [2][-]{subsection.5.10}{\376\377\000B\000i\000a\000s\000\040\000V\000e\000r\000s\000u\000s\000\040\000V\000a\000r\000i\000a\000n\000c\000e}{section.5}% 45
\BOOKMARK [2][-]{subsection.5.11}{\376\377\000B\000i\000a\000s\000-\000V\000a\000r\000i\000a\000n\000c\000e\000\040\000T\000r\000a\000d\000e\000o\000f\000f\000:\000\040\000E\000x\000a\000m\000p\000l\000e}{section.5}% 46
\BOOKMARK [1][-]{section.6}{\376\377\000M\000o\000d\000e\000l\000\040\000A\000s\000s\000e\000s\000s\000m\000e\000n\000t\000\040\000i\000n\000\040\000P\000r\000a\000c\000t\000i\000c\000e}{}% 47
\BOOKMARK [2][-]{subsection.6.1}{\376\377\000M\000o\000d\000e\000l\000\040\000A\000s\000s\000e\000s\000s\000m\000e\000n\000t}{section.6}% 48
\BOOKMARK [2][-]{subsection.6.2}{\376\377\000T\000e\000s\000t\000\040\000L\000o\000s\000s\000\040\000a\000n\000d\000\040\000E\000x\000p\000e\000c\000t\000e\000d\000\040\000T\000e\000s\000t\000\040\000L\000o\000s\000s}{section.6}% 49
\BOOKMARK [2][-]{subsection.6.3}{\376\377\000T\000h\000e\000\040\000T\000r\000a\000i\000n\000i\000n\000g\000\040\000L\000o\000s\000s}{section.6}% 50
\BOOKMARK [2][-]{subsection.6.4}{\376\377\000T\000h\000e\000\040\000T\000r\000a\000i\000n\000i\000n\000g\000\040\000L\000o\000s\000s\000:\000\040\000P\000r\000o\000p\000e\000r\000t\000i\000e\000s}{section.6}% 51
\BOOKMARK [2][-]{subsection.6.5}{\376\377\000T\000r\000a\000i\000n\000i\000n\000g\000\040\000L\000o\000s\000s\000\040\000f\000o\000r\000\040\000M\000o\000d\000e\000l\000\040\000S\000e\000l\000e\000c\000t\000i\000o\000n}{section.6}% 52
\BOOKMARK [2][-]{subsection.6.6}{\376\377\000M\000o\000d\000e\000l\000\040\000F\000i\000t}{section.6}% 53
\BOOKMARK [2][-]{subsection.6.7}{}{section.6}% 54
\BOOKMARK [1][-]{section.7}{\376\377\000H\000i\000g\000h\000-\000d\000i\000m\000e\000n\000s\000i\000o\000n\000a\000l\000\040\000l\000i\000n\000e\000a\000r\000\040\000r\000e\000g\000r\000e\000s\000s\000i\000o\000n}{}% 55
\BOOKMARK [1][-]{section.8}{\376\377\000N\000e\000t\000w\000o\000r\000k\000\040\000a\000n\000a\000l\000y\000s\000i\000s}{}% 56
\BOOKMARK [1][-]{section.9}{\376\377\000N\000e\000u\000r\000a\000l\000\040\000N\000e\000t\000w\000o\000r\000k\000s}{}% 57
\BOOKMARK [1][-]{section.10}{\376\377\000C\000l\000a\000s\000s\000i\000f\000i\000c\000a\000t\000i\000o\000n\000\040\000m\000e\000t\000h\000o\000d\000s}{}% 58
\BOOKMARK [1][-]{section.11}{\376\377\000T\000r\000e\000s\000s\000\040\000a\000n\000d\000\040\000r\000a\000n\000d\000o\000m\000\040\000f\000o\000r\000e\000s\000t\000s}{}% 59
\BOOKMARK [1][-]{section.12}{\376\377\000N\000o\000n\000-\000l\000i\000n\000e\000a\000r\000\040\000m\000o\000d\000e\000l\000s}{}% 60
\BOOKMARK [1][-]{section.13}{\376\377\000C\000a\000u\000s\000a\000l\000\040\000i\000n\000f\000e\000r\000e\000n\000c\000e}{}% 61
\BOOKMARK [1][-]{section.14}{\376\377\000U\000n\000s\000u\000p\000e\000r\000v\000i\000s\000e\000d\000\040\000l\000e\000a\000r\000n\000i\000n\000g}{}% 62
